<?xml version="1.0" encoding="UTF-8"?>
<robot generator="Robot 3.2.2 (Python 3.7.4 on win32)" generated="20210222 12:39:14.951" rpa="false">
<suite id="s1" name="Tests" source="C:\Users\HC\PycharmProjects\ProjectWithRobotFramework\Tests">
<suite id="s1-s1" name="Webtest" source="C:\Users\HC\PycharmProjects\ProjectWithRobotFramework\Tests\webtest.robot">
<kw name="Begin the test case" library="keywords" type="setup">
<kw name="Open Browser" library="SeleniumLibrary">
<doc>Opens a new browser instance to the optional ``url``.</doc>
<arguments>
<arg>about:blank</arg>
<arg>${BROWSER}</arg>
</arguments>
<msg timestamp="20210222 12:39:15.330" level="INFO">Opening browser 'chrome' to base url 'about:blank'.</msg>
<status status="PASS" starttime="20210222 12:39:15.329" endtime="20210222 12:39:17.634"></status>
</kw>
<status status="PASS" starttime="20210222 12:39:15.329" endtime="20210222 12:39:17.634"></status>
</kw>
<test id="s1-s1-t1" name="User can access website">
<kw name="Go to web page" library="keywords">
<kw name="Load Page" library="keywords">
<kw name="Go To" library="SeleniumLibrary">
<doc>Navigates the current browser window to the provided ``url``.</doc>
<arguments>
<arg>${URL}</arg>
</arguments>
<msg timestamp="20210222 12:39:17.640" level="INFO">Opening url 'https://www.willys.se/'</msg>
<status status="PASS" starttime="20210222 12:39:17.640" endtime="20210222 12:39:20.840"></status>
</kw>
<status status="PASS" starttime="20210222 12:39:17.639" endtime="20210222 12:39:20.841"></status>
</kw>
<kw name="Verify Page Loaded" library="keywords">
<kw name="Get Title" library="SeleniumLibrary">
<doc>Returns the title of the current page.</doc>
<assign>
<var>${link_text}</var>
</assign>
<msg timestamp="20210222 12:39:21.102" level="INFO">${link_text} = Handla billig mat online | Willys</msg>
<status status="PASS" starttime="20210222 12:39:20.842" endtime="20210222 12:39:21.102"></status>
</kw>
<kw name="Should Be Equal" library="BuiltIn">
<doc>Fails if the given objects are unequal.</doc>
<arguments>
<arg>${link_text}</arg>
<arg>Handla billig mat online | Willys</arg>
</arguments>
<status status="PASS" starttime="20210222 12:39:21.103" endtime="20210222 12:39:21.103"></status>
</kw>
<status status="PASS" starttime="20210222 12:39:20.841" endtime="20210222 12:39:21.104"></status>
</kw>
<status status="PASS" starttime="20210222 12:39:17.638" endtime="20210222 12:39:21.104"></status>
</kw>
<doc>This is some basic info about test</doc>
<tags>
<tag>Test_1</tag>
</tags>
<status status="PASS" starttime="20210222 12:39:17.635" endtime="20210222 12:39:21.105" critical="yes"></status>
</test>
<test id="s1-s1-t2" name="User search for a product">
<kw name="Go to web page" library="keywords">
<kw name="Load Page" library="keywords">
<kw name="Go To" library="SeleniumLibrary">
<doc>Navigates the current browser window to the provided ``url``.</doc>
<arguments>
<arg>${URL}</arg>
</arguments>
<msg timestamp="20210222 12:39:21.110" level="INFO">Opening url 'https://www.willys.se/'</msg>
<status status="PASS" starttime="20210222 12:39:21.110" endtime="20210222 12:39:25.279"></status>
</kw>
<status status="PASS" starttime="20210222 12:39:21.109" endtime="20210222 12:39:25.279"></status>
</kw>
<kw name="Verify Page Loaded" library="keywords">
<kw name="Get Title" library="SeleniumLibrary">
<doc>Returns the title of the current page.</doc>
<assign>
<var>${link_text}</var>
</assign>
<msg timestamp="20210222 12:39:25.507" level="INFO">${link_text} = Handla billig mat online | Willys</msg>
<status status="PASS" starttime="20210222 12:39:25.280" endtime="20210222 12:39:25.507"></status>
</kw>
<kw name="Should Be Equal" library="BuiltIn">
<doc>Fails if the given objects are unequal.</doc>
<arguments>
<arg>${link_text}</arg>
<arg>Handla billig mat online | Willys</arg>
</arguments>
<status status="PASS" starttime="20210222 12:39:25.508" endtime="20210222 12:39:25.508"></status>
</kw>
<status status="PASS" starttime="20210222 12:39:25.280" endtime="20210222 12:39:25.509"></status>
</kw>
<status status="PASS" starttime="20210222 12:39:21.109" endtime="20210222 12:39:25.509"></status>
</kw>
<kw name="Search for Products" library="keywords">
<arguments>
<arg>kiwi</arg>
</arguments>
<kw name="Enter Search Term" library="keywords">
<arguments>
<arg>${search_term}</arg>
</arguments>
<kw name="Input Text" library="SeleniumLibrary">
<doc>Types the given ``text`` into the text field identified by ``locator``.</doc>
<arguments>
<arg>id:selenium--search-items-input</arg>
<arg>${search_term}</arg>
</arguments>
<msg timestamp="20210222 12:39:25.515" level="INFO">Typing text 'kiwi' into text field 'id:selenium--search-items-input'.</msg>
<status status="PASS" starttime="20210222 12:39:25.514" endtime="20210222 12:39:26.699"></status>
</kw>
<status status="PASS" starttime="20210222 12:39:25.513" endtime="20210222 12:39:26.699"></status>
</kw>
<kw name="Submit Search" library="keywords">
<kw name="Press Keys" library="SeleniumLibrary">
<doc>Simulates the user pressing key(s) to an element or on the active browser.</doc>
<arguments>
<arg>xpath://input[@id="selenium--search-items-input"]</arg>
<arg>RETURN</arg>
</arguments>
<msg timestamp="20210222 12:39:26.701" level="INFO">Sending key(s) ('RETURN',) to xpath://input[@id="selenium--search-items-input"] element.</msg>
<msg timestamp="20210222 12:39:27.111" level="INFO">Pressing special key RETURN to element.</msg>
<msg timestamp="20210222 12:39:27.111" level="INFO">Releasing special key RETURN.</msg>
<status status="PASS" starttime="20210222 12:39:26.700" endtime="20210222 12:39:27.149"></status>
</kw>
<status status="PASS" starttime="20210222 12:39:26.700" endtime="20210222 12:39:27.149"></status>
</kw>
<kw name="Verify Search Completed" library="keywords">
<arguments>
<arg>${search_term}</arg>
</arguments>
<kw name="Wait Until Page Contains Element" library="SeleniumLibrary">
<doc>Waits until the element ``locator`` appears on the current page.</doc>
<arguments>
<arg>xpath://*[@id="selenium--product-grid-header"]</arg>
</arguments>
<status status="PASS" starttime="20210222 12:39:27.150" endtime="20210222 12:39:31.183"></status>
</kw>
<kw name="Get Text" library="SeleniumLibrary">
<doc>Returns the text value of the element identified by ``locator``.</doc>
<arguments>
<arg>xpath://*[@id="selenium--product-grid-header"]</arg>
</arguments>
<assign>
<var>${actucal_term}</var>
</assign>
<msg timestamp="20210222 12:39:31.235" level="INFO">${actucal_term} = Sökord: kiwi</msg>
<status status="PASS" starttime="20210222 12:39:31.184" endtime="20210222 12:39:31.236"></status>
</kw>
<kw name="Should Be Equal" library="BuiltIn">
<doc>Fails if the given objects are unequal.</doc>
<arguments>
<arg>"Sökord: ${search_term}"</arg>
<arg>"${actucal_term}"</arg>
</arguments>
<status status="PASS" starttime="20210222 12:39:31.236" endtime="20210222 12:39:31.236"></status>
</kw>
<status status="PASS" starttime="20210222 12:39:27.150" endtime="20210222 12:39:31.237"></status>
</kw>
<status status="PASS" starttime="20210222 12:39:25.512" endtime="20210222 12:39:31.237"></status>
</kw>
<doc>This is some basic info about test</doc>
<tags>
<tag>Test_2</tag>
</tags>
<status status="PASS" starttime="20210222 12:39:21.107" endtime="20210222 12:39:31.237" critical="yes"></status>
</test>
<test id="s1-s1-t3" name="User search for another product">
<kw name="Go to web page" library="keywords">
<kw name="Load Page" library="keywords">
<kw name="Go To" library="SeleniumLibrary">
<doc>Navigates the current browser window to the provided ``url``.</doc>
<arguments>
<arg>${URL}</arg>
</arguments>
<msg timestamp="20210222 12:39:31.241" level="INFO">Opening url 'https://www.willys.se/'</msg>
<status status="PASS" starttime="20210222 12:39:31.241" endtime="20210222 12:39:32.116"></status>
</kw>
<status status="PASS" starttime="20210222 12:39:31.240" endtime="20210222 12:39:32.117"></status>
</kw>
<kw name="Verify Page Loaded" library="keywords">
<kw name="Get Title" library="SeleniumLibrary">
<doc>Returns the title of the current page.</doc>
<assign>
<var>${link_text}</var>
</assign>
<msg timestamp="20210222 12:39:32.357" level="INFO">${link_text} = Handla billig mat online | Willys</msg>
<status status="PASS" starttime="20210222 12:39:32.118" endtime="20210222 12:39:32.357"></status>
</kw>
<kw name="Should Be Equal" library="BuiltIn">
<doc>Fails if the given objects are unequal.</doc>
<arguments>
<arg>${link_text}</arg>
<arg>Handla billig mat online | Willys</arg>
</arguments>
<status status="PASS" starttime="20210222 12:39:32.357" endtime="20210222 12:39:32.357"></status>
</kw>
<status status="PASS" starttime="20210222 12:39:32.117" endtime="20210222 12:39:32.358"></status>
</kw>
<status status="PASS" starttime="20210222 12:39:31.240" endtime="20210222 12:39:32.358"></status>
</kw>
<kw name="Search for Products" library="keywords">
<arguments>
<arg>hundgodis</arg>
</arguments>
<kw name="Enter Search Term" library="keywords">
<arguments>
<arg>${search_term}</arg>
</arguments>
<kw name="Input Text" library="SeleniumLibrary">
<doc>Types the given ``text`` into the text field identified by ``locator``.</doc>
<arguments>
<arg>id:selenium--search-items-input</arg>
<arg>${search_term}</arg>
</arguments>
<msg timestamp="20210222 12:39:32.360" level="INFO">Typing text 'hundgodis' into text field 'id:selenium--search-items-input'.</msg>
<status status="PASS" starttime="20210222 12:39:32.359" endtime="20210222 12:39:33.508"></status>
</kw>
<status status="PASS" starttime="20210222 12:39:32.359" endtime="20210222 12:39:33.508"></status>
</kw>
<kw name="Submit Search" library="keywords">
<kw name="Press Keys" library="SeleniumLibrary">
<doc>Simulates the user pressing key(s) to an element or on the active browser.</doc>
<arguments>
<arg>xpath://input[@id="selenium--search-items-input"]</arg>
<arg>RETURN</arg>
</arguments>
<msg timestamp="20210222 12:39:33.509" level="INFO">Sending key(s) ('RETURN',) to xpath://input[@id="selenium--search-items-input"] element.</msg>
<msg timestamp="20210222 12:39:33.958" level="INFO">Pressing special key RETURN to element.</msg>
<msg timestamp="20210222 12:39:33.958" level="INFO">Releasing special key RETURN.</msg>
<status status="PASS" starttime="20210222 12:39:33.509" endtime="20210222 12:39:35.791"></status>
</kw>
<status status="PASS" starttime="20210222 12:39:33.508" endtime="20210222 12:39:35.792"></status>
</kw>
<kw name="Verify Search Completed" library="keywords">
<arguments>
<arg>${search_term}</arg>
</arguments>
<kw name="Wait Until Page Contains Element" library="SeleniumLibrary">
<doc>Waits until the element ``locator`` appears on the current page.</doc>
<arguments>
<arg>xpath://*[@id="selenium--product-grid-header"]</arg>
</arguments>
<status status="PASS" starttime="20210222 12:39:35.793" endtime="20210222 12:39:38.019"></status>
</kw>
<kw name="Get Text" library="SeleniumLibrary">
<doc>Returns the text value of the element identified by ``locator``.</doc>
<arguments>
<arg>xpath://*[@id="selenium--product-grid-header"]</arg>
</arguments>
<assign>
<var>${actucal_term}</var>
</assign>
<msg timestamp="20210222 12:39:38.054" level="INFO">${actucal_term} = Sökord: hundgodis</msg>
<status status="PASS" starttime="20210222 12:39:38.019" endtime="20210222 12:39:38.054"></status>
</kw>
<kw name="Should Be Equal" library="BuiltIn">
<doc>Fails if the given objects are unequal.</doc>
<arguments>
<arg>"Sökord: ${search_term}"</arg>
<arg>"${actucal_term}"</arg>
</arguments>
<status status="PASS" starttime="20210222 12:39:38.055" endtime="20210222 12:39:38.055"></status>
</kw>
<status status="PASS" starttime="20210222 12:39:35.792" endtime="20210222 12:39:38.055"></status>
</kw>
<status status="PASS" starttime="20210222 12:39:32.358" endtime="20210222 12:39:38.056"></status>
</kw>
<doc>This is some basic info about test</doc>
<tags>
<tag>Test_3</tag>
</tags>
<status status="PASS" starttime="20210222 12:39:31.239" endtime="20210222 12:39:38.056" critical="yes"></status>
</test>
<kw name="End the test" library="keywords" type="teardown">
<kw name="Close Browser" library="SeleniumLibrary">
<doc>Closes the current browser.</doc>
<status status="PASS" starttime="20210222 12:39:38.060" endtime="20210222 12:39:40.507"></status>
</kw>
<status status="PASS" starttime="20210222 12:39:38.059" endtime="20210222 12:39:40.509"></status>
</kw>
<doc>This is some basic info about the whole test suite</doc>
<status status="PASS" starttime="20210222 12:39:14.995" endtime="20210222 12:39:40.509"></status>
</suite>
<status status="PASS" starttime="20210222 12:39:14.954" endtime="20210222 12:39:40.529"></status>
</suite>
<statistics>
<total>
<stat pass="3" fail="0">Critical Tests</stat>
<stat pass="3" fail="0">All Tests</stat>
</total>
<tag>
<stat pass="1" fail="0">Test_1</stat>
<stat pass="1" fail="0">Test_2</stat>
<stat pass="1" fail="0">Test_3</stat>
</tag>
<suite>
<stat pass="3" fail="0" id="s1" name="Tests">Tests</stat>
<stat pass="3" fail="0" id="s1-s1" name="Webtest">Tests.Webtest</stat>
</suite>
</statistics>
<errors>
</errors>
</robot>
